\BOOKMARK [0][-]{prt.0}{PORTADA}{}% 1
\BOOKMARK [1][-]{idn.1}{IDENTIFICACI\323N}{prt.0}% 2
\BOOKMARK [1][-]{ndj.1}{N\323MINA DEL CONSEJO DIRECTIVO}{prt.0}% 3
\BOOKMARK [0][-]{chapter*.7}{\315NDICE DE FIGURAS}{}% 4
\BOOKMARK [0][-]{chapter*.8}{\315NDICE DE TABLAS}{}% 5
\BOOKMARK [0][-]{chapter*.9}{LISTA DE S\315MBOLOS}{}% 6
\BOOKMARK [0][-]{chapter*.10}{OBJETIVOS}{}% 7
\BOOKMARK [0][-]{chapter*.13}{INTRODUCCI\323N}{}% 8
\BOOKMARK [0][-]{chapter.1}{1 CONCEPTOS PRELIMINARES}{}% 9
\BOOKMARK [1][-]{section.1.1}{1.1 Conjuntos, funciones y sucesiones}{chapter.1}% 10
\BOOKMARK [1][-]{section.1.2}{1.2 Tablas y Gr\341ficas}{chapter.1}% 11
\BOOKMARK [0][-]{chapter.2}{2 Conceptos Financieros }{}% 12
\BOOKMARK [1][-]{section.2.1}{2.1 Acciones,Opciones, Calls y Puts}{chapter.2}% 13
\BOOKMARK [2][-]{subsection.2.1.1}{2.1.1 Rentabilidad a lo largo}{section.2.1}% 14
\BOOKMARK [2][-]{subsection.2.1.2}{2.1.2 Rentabilidad a lo corto}{section.2.1}% 15
\BOOKMARK [1][-]{section.2.2}{2.2 Valor Intriseco}{chapter.2}% 16
\BOOKMARK [1][-]{section.2.3}{2.3 Estrategias sobre opciones}{chapter.2}% 17
\BOOKMARK [1][-]{section.2.4}{2.4 Valor del dinero en el tiempo}{chapter.2}% 18
\BOOKMARK [2][-]{subsection.2.4.1}{2.4.1 Valor presente}{section.2.4}% 19
\BOOKMARK [1][-]{section.2.5}{2.5 Opciones arbitrarias}{chapter.2}% 20
\BOOKMARK [2][-]{subsection.2.5.1}{2.5.1 La paridad de una opci\363n }{section.2.5}% 21
\BOOKMARK [2][-]{subsection.2.5.2}{2.5.2 Convexidad de los precios de la opciones }{section.2.5}% 22
\BOOKMARK [1][-]{section.2.6}{2.6 Conceptos de los modelos financieros }{chapter.2}% 23
\BOOKMARK [2][-]{subsection.2.6.1}{2.6.1 \301rbol binomial}{section.2.6}% 24
\BOOKMARK [2][-]{subsection.2.6.2}{2.6.2 Simulaci\363n Monte Carlo}{section.2.6}% 25
\BOOKMARK [2][-]{subsection.2.6.3}{2.6.3 Black- Scholes}{section.2.6}% 26
\BOOKMARK [0][-]{chapter*.18}{CONCLUSIONES}{}% 27
\BOOKMARK [0][-]{chapter*.19}{RECOMENDACIONES}{}% 28
\BOOKMARK [0][-]{chapter*.20}{BIBLIOGRAF\315A}{}% 29
